<?xml version="1.0" encoding="UTF-8"?>
<testng-results ignored="0" total="1" passed="1" failed="0" skipped="0">
  <reporter-output>
  </reporter-output>
  <suite started-at="2022-12-05T14:09:38 CET" name="Default suite" finished-at="2022-12-05T14:09:47 CET" duration-ms="9334">
    <groups>
    </groups>
    <test started-at="2022-12-05T14:09:38 CET" name="Default test" finished-at="2022-12-05T14:09:47 CET" duration-ms="9334">
      <class name="khouapp.khnouapp">
        <test-method signature="Apptest()[pri:0, instance:khouapp.khnouapp@662b4c69]" started-at="2022-12-05T14:09:38 CET" name="Apptest" finished-at="2022-12-05T14:09:47 CET" duration-ms="9287" status="PASS">
          <reporter-output>
          </reporter-output>
        </test-method> <!-- Apptest -->
      </class> <!-- khouapp.khnouapp -->
    </test> <!-- Default test -->
  </suite> <!-- Default suite -->
</testng-results>
